<?xml version="1.0" encoding="UTF-8"?>
<!-- Generated by org.testng.reporters.JUnitReportReporter -->
<testsuite hostname="rishabhs-MacBook-Air.local" name="amazonTest.amazonTest.amazonTest" tests="4" failures="0" timestamp="26 Nov 2019 23:14:46 GMT" time="61.387" errors="0">
  <testcase name="fourthCase" time="31.419" classname="amazonTest.amazonTest.amazonTest"/>
  <testcase name="secondCase" time="8.866" classname="amazonTest.amazonTest.amazonTest"/>
  <testcase name="thirdCase" time="8.273" classname="amazonTest.amazonTest.amazonTest"/>
  <testcase name="firstCase" time="12.829" classname="amazonTest.amazonTest.amazonTest"/>
</testsuite> <!-- amazonTest.amazonTest.amazonTest -->
